<?xml version="1.0" encoding="UTF-8"?>
<!-- Generated by org.testng.reporters.JUnitReportReporter -->
<testsuite hostname="DESKTOP-LR2351L" failures="0" tests="1" name="com.flipkartLogin.java.LoginPage" time="10.682" errors="0" timestamp="2020-03-24T15:01:14 IST" skipped="0">
  <testcase classname="com.flipkartLogin.java.LoginPage" name="TC_03" time="10.682"/>
</testsuite> <!-- com.flipkartLogin.java.LoginPage -->
